0 info it worked if it ends with ok
1 verbose cli [ '/home/ubuntu/.nvm/versions/node/v4.6.1/bin/node',
1 verbose cli   '/home/ubuntu/.nvm/versions/node/v4.6.1/bin/npm',
1 verbose cli   'start' ]
2 info using npm@2.15.9
3 info using node@v4.6.1
4 verbose run-script [ 'prestart', 'start', 'poststart' ]
5 info prestart angular-project@1.0.0
6 info start angular-project@1.0.0
7 verbose unsafe-perm in lifecycle true
8 info angular-project@1.0.0 Failed to exec start script
9 verbose stack Error: angular-project@1.0.0 start: `http-server -a $IP -p $PORT`
9 verbose stack spawn ENOENT
9 verbose stack     at ChildProcess.<anonymous> (/home/ubuntu/.nvm/versions/node/v4.6.1/lib/node_modules/npm/lib/utils/spawn.js:17:16)
9 verbose stack     at emitTwo (events.js:87:13)
9 verbose stack     at ChildProcess.emit (events.js:172:7)
9 verbose stack     at maybeClose (internal/child_process.js:829:16)
9 verbose stack     at Process.ChildProcess._handle.onexit (internal/child_process.js:211:5)
10 verbose pkgid angular-project@1.0.0
11 verbose cwd /home/ubuntu/workspace/angular-project
12 error Linux 4.2.0-c9
13 error argv "/home/ubuntu/.nvm/versions/node/v4.6.1/bin/node" "/home/ubuntu/.nvm/versions/node/v4.6.1/bin/npm" "start"
14 error node v4.6.1
15 error npm  v2.15.9
16 error file sh
17 error code ELIFECYCLE
18 error errno ENOENT
19 error syscall spawn
20 error angular-project@1.0.0 start: `http-server -a $IP -p $PORT`
20 error spawn ENOENT
21 error Failed at the angular-project@1.0.0 start script 'http-server -a $IP -p $PORT'.
21 error This is most likely a problem with the angular-project package,
21 error not with npm itself.
21 error Tell the author that this fails on your system:
21 error     http-server -a $IP -p $PORT
21 error You can get information on how to open an issue for this project with:
21 error     npm bugs angular-project
21 error Or if that isn't available, you can get their info via:
21 error
21 error     npm owner ls angular-project
21 error There is likely additional logging output above.
22 verbose exit [ 1, true ]
